<?xml version="1.0" encoding="UTF-8"?>
<!-- Generated by org.testng.reporters.JUnitReportReporter -->
<testsuite hostname="JyotheearasMBP2.lan" failures="0" tests="2" name="testcase.NewTest" time="0.007" errors="0" timestamp="28 Jun 2023 10:30:45 GMT" skipped="0">
  <testcase classname="testcase.NewTest" name="testcase1" time="0.002"/>
  <testcase classname="testcase.NewTest" name="testcase" time="0.005"/>
</testsuite> <!-- testcase.NewTest -->
