<?xml version="1.0" encoding="UTF-8"?>
<!-- Generated by org.testng.reporters.JUnitReportReporter -->
<testsuite hostname="JyotheearasMBP2.lan" failures="0" tests="1" name="week5.day1.CreateLead" time="0.000" errors="0" timestamp="01 Jul 2023 07:18:58 GMT" skipped="1">
  <testcase classname="week5.day1.CreateLead" name="runCreate" time="0.000">
    <skipped/>
  </testcase> <!-- runCreate -->
</testsuite> <!-- week5.day1.CreateLead -->
