<?xml version="1.0" encoding="UTF-8"?>
<!-- Generated by org.testng.reporters.JUnitReportReporter -->
<testsuite hostname="JyotheearasMBP2.lan" failures="0" tests="1" name="testcase.DeleteLead" time="24.084" errors="0" timestamp="27 Jun 2023 08:50:32 GMT" skipped="0">
  <testcase classname="testcase.DeleteLead" name="rundelete" time="24.084"/>
</testsuite> <!-- testcase.DeleteLead -->
