<?xml version="1.0" encoding="UTF-8"?>
<!-- Generated by org.testng.reporters.JUnitReportReporter -->
<testsuite hostname="JyotheearasMBP2.lan" failures="0" tests="1" name="testcase.EditLead" time="29.140" errors="0" timestamp="26 Jun 2023 10:49:48 GMT" skipped="0">
  <testcase classname="testcase.EditLead" name="test" time="29.140"/>
</testsuite> <!-- testcase.EditLead -->
