<?xml version="1.0" encoding="UTF-8"?>
<!-- Generated by org.testng.reporters.JUnitReportReporter -->
<testsuite hostname="JyotheearasMBP2.lan" failures="0" tests="1" name="week5.day1.DeleteLead" time="14.287" errors="0" timestamp="01 Jul 2023 05:16:43 GMT" skipped="0">
  <testcase classname="week5.day1.DeleteLead" name="delete" time="14.287"/>
</testsuite> <!-- week5.day1.DeleteLead -->
