<?xml version="1.0" encoding="UTF-8"?>
<!-- Generated by org.testng.reporters.JUnitReportReporter -->
<testsuite hostname="JyotheearasMBP2.lan" failures="0" tests="1" name="testcase.CreateLead" time="14.986" errors="0" timestamp="27 Jun 2023 09:07:18 GMT" skipped="0">
  <testcase classname="testcase.CreateLead" name="runcreate" time="14.986"/>
</testsuite> <!-- testcase.CreateLead -->
