<?xml version="1.0" encoding="UTF-8"?>
<!-- Generated by org.testng.reporters.JUnitReportReporter -->
<testsuite hostname="JyotheearasMBP2.lan" failures="0" tests="1" name="testcase.LeafTaps" time="0.002" errors="0" timestamp="28 Jun 2023 10:30:45 GMT" skipped="0">
  <testcase classname="testcase.LeafTaps" name="testcase" time="0.002"/>
</testsuite> <!-- testcase.LeafTaps -->
