<?xml version="1.0" encoding="UTF-8"?>
<!-- Generated by org.testng.reporters.JUnitReportReporter -->
<testsuite hostname="JyotheearasMBP2.lan" failures="0" tests="1" name="week4.day1.LearnAlert" time="13.634" errors="0" timestamp="27 Jun 2023 08:50:32 GMT" skipped="0">
  <testcase classname="week4.day1.LearnAlert" name="run" time="13.634"/>
</testsuite> <!-- week4.day1.LearnAlert -->
