<?xml version="1.0" encoding="UTF-8"?>
<!-- Generated by org.testng.reporters.JUnitReportReporter -->
<testsuite hostname="JyotheearasMBP2.lan" failures="0" tests="5" name="week5.day1.LearnAttributes" time="0.031" errors="0" timestamp="02 Jul 2023 04:17:16 GMT" skipped="1">
  <testcase classname="week5.day1.LearnAttributes" name="test3" time="0.022"/>
  <testcase classname="week5.day1.LearnAttributes" name="test2" time="0.002"/>
  <testcase classname="week5.day1.LearnAttributes" name="test2" time="0.004"/>
  <testcase classname="week5.day1.LearnAttributes" name="test2" time="0.003"/>
  <testcase classname="week5.day1.LearnAttributes" name="test1">
    <skipped/>
  </testcase> <!-- test1 -->
</testsuite> <!-- week5.day1.LearnAttributes -->
