<?xml version="1.0" encoding="UTF-8"?>
<!-- Generated by org.testng.reporters.JUnitReportReporter -->
<testsuite hostname="JyotheearasMBP2.lan" failures="0" tests="3" name="runner.Runnerclass" time="12.705" errors="0" timestamp="08 Jul 2023 05:43:14 GMT" skipped="0">
  <testcase classname="runner.Runnerclass" name="runScenario" time="3.915"/>
  <testcase classname="runner.Runnerclass" name="runScenario" time="4.984"/>
  <testcase classname="runner.Runnerclass" name="runScenario" time="3.806"/>
</testsuite> <!-- runner.Runnerclass -->
